<?xml version="1.0" encoding="UTF-8"?>
<!-- Generated by org.testng.reporters.JUnitReportReporter -->
<testsuite hostname="SadarMalik786" failures="0" tests="3" name="com.automation.tests.CheckoutTest" time="23.614" errors="0" timestamp="2025-09-25T01:36:33 PKT" skipped="0">
  <testcase classname="com.automation.tests.CheckoutTest" name="successfulCheckoutTest" time="9.992"/>
  <testcase classname="com.automation.tests.CheckoutTest" name="checkoutWithMissingInformationTest" time="7.676"/>
  <testcase classname="com.automation.tests.CheckoutTest" name="checkoutPriceVerificationTest" time="5.946"/>
</testsuite> <!-- com.automation.tests.CheckoutTest -->
