<?xml version="1.0" encoding="UTF-8"?>
<!-- Generated by org.testng.reporters.JUnitReportReporter -->
<testsuite hostname="SadarMalik786" failures="0" tests="3" name="com.automation.tests.LoginTest" time="28.109" errors="0" timestamp="2025-09-25T01:36:33 PKT" skipped="0">
  <testcase classname="com.automation.tests.LoginTest" name="validLoginTest" time="16.776"/>
  <testcase classname="com.automation.tests.LoginTest" name="invalidLoginTest" time="4.585"/>
  <testcase classname="com.automation.tests.LoginTest" name="emptyUsernameTest" time="6.748"/>
</testsuite> <!-- com.automation.tests.LoginTest -->
