<?xml version="1.0" encoding="UTF-8"?>
<!-- Generated by org.testng.reporters.JUnitReportReporter -->
<testsuite hostname="SadarMalik786" failures="0" tests="1" name="com.automation.tests.EndtoEnd" time="6.290" errors="0" timestamp="2025-09-25T01:36:33 PKT" skipped="0">
  <testcase classname="com.automation.tests.EndtoEnd" name="completeUserJourneyTest" time="6.290"/>
</testsuite> <!-- com.automation.tests.EndtoEnd -->
